{
  "stats": {
    "suites": 1,
    "tests": 1,
    "passes": 1,
    "pending": 0,
    "failures": 0,
    "start": "2022-03-24T18:34:40.577Z",
    "end": "2022-03-24T18:34:49.330Z",
    "duration": 8753,
    "testsRegistered": 1,
    "passPercent": 100,
    "pendingPercent": 0,
    "other": 0,
    "hasOther": false,
    "skipped": 0,
    "hasSkipped": false
  },
  "results": [
    {
      "uuid": "f91d4d47-68ca-4e12-973f-6814bb3d9c2f",
      "title": "",
      "fullFile": "cypress/integration/examples/SauceDemoTest.js",
      "file": "cypress/integration/examples/SauceDemoTest.js",
      "beforeHooks": [],
      "afterHooks": [],
      "tests": [],
      "suites": [
        {
          "uuid": "39ab1168-3258-42e4-9125-2ae814bb85ac",
          "title": "Login to sauce demo website",
          "fullFile": "",
          "file": "",
          "beforeHooks": [],
          "afterHooks": [],
          "tests": [
            {
              "title": "Valid Login to sauce demo website",
              "fullTitle": "Login to sauce demo website Valid Login to sauce demo website",
              "timedOut": null,
              "duration": 5638,
              "state": "passed",
              "speed": "medium",
              "pass": true,
              "fail": false,
              "pending": false,
              "context": null,
              "code": "cy.visit('https://www.saucedemo.com/'); //launch the URL\ncy.get('#user-name').should('be.visible').type('standard_user');\ncy.get('#password').should('be.visible').type('secret_sauce');\ncy.get('#login-button').should('be.visible', {\n  delay: 100\n}).click();\ncy.wait(3000);\ncy.url().should('eq', 'https://www.saucedemo.com/inventory.html', {\n  delay: 200\n}); //verify you landed on home page",
              "err": {},
              "uuid": "ba69f4ae-3785-4501-8bba-ec9c634c5c09",
              "parentUUID": "39ab1168-3258-42e4-9125-2ae814bb85ac",
              "isHook": false,
              "skipped": false
            }
          ],
          "suites": [],
          "passes": [
            "ba69f4ae-3785-4501-8bba-ec9c634c5c09"
          ],
          "failures": [],
          "pending": [],
          "skipped": [],
          "duration": 5638,
          "root": false,
          "rootEmpty": false,
          "_timeout": 2000
        }
      ],
      "passes": [],
      "failures": [],
      "pending": [],
      "skipped": [],
      "duration": 0,
      "root": true,
      "rootEmpty": true,
      "_timeout": 2000
    }
  ],
  "meta": {
    "mocha": {
      "version": "7.0.1"
    },
    "mochawesome": {
      "options": {
        "quiet": false,
        "reportFilename": "report",
        "saveHtml": true,
        "saveJson": true,
        "consoleReporter": "spec",
        "useInlineDiffs": false,
        "code": true
      },
      "version": "7.1.2"
    },
    "marge": {
      "options": {
        "charts": false,
        "html": true,
        "json": true,
        "reportDir": "cypress/reports",
        "reportFilename": "report",
        "overwrite": true
      },
      "version": "6.1.1"
    }
  }
}