{
  "stats": {
    "suites": 1,
    "tests": 1,
    "passes": 1,
    "pending": 0,
    "failures": 0,
    "start": "2022-03-22T19:33:10.314Z",
    "end": "2022-03-22T19:33:19.470Z",
    "duration": 9156,
    "testsRegistered": 1,
    "passPercent": 100,
    "pendingPercent": 0,
    "other": 0,
    "hasOther": false,
    "skipped": 0,
    "hasSkipped": false
  },
  "results": [
    {
      "uuid": "d4dcd89f-f135-445d-85f9-76340f4d9a6a",
      "title": "",
      "fullFile": "cypress/integration/examples/SauceDemoTest.js",
      "file": "cypress/integration/examples/SauceDemoTest.js",
      "beforeHooks": [],
      "afterHooks": [],
      "tests": [],
      "suites": [
        {
          "uuid": "d8b010b1-0660-45fc-800e-aaf1e25349ba",
          "title": "Login to sauce demo website",
          "fullFile": "",
          "file": "",
          "beforeHooks": [],
          "afterHooks": [],
          "tests": [
            {
              "title": "Valid Login to sauce demo website",
              "fullTitle": "Login to sauce demo website Valid Login to sauce demo website",
              "timedOut": null,
              "duration": 6223,
              "state": "passed",
              "speed": "medium",
              "pass": true,
              "fail": false,
              "pending": false,
              "context": null,
              "code": "cy.visit('https://www.saucedemo.com/'); //launch the URL\ncy.get('#user-name').should('be.visible').type('standard_user');\ncy.get('#password').should('be.visible').type('secret_sauce');\ncy.get('#login-button').should('be.visible', {\n  delay: 100\n}).click();\ncy.wait(3000);\ncy.url().should('eq', 'https://www.saucedemo.com/inventory.html', {\n  delay: 200\n}); //verify you landed on home page",
              "err": {},
              "uuid": "a2c2be13-3135-464d-99dd-b8faa0e18be0",
              "parentUUID": "d8b010b1-0660-45fc-800e-aaf1e25349ba",
              "isHook": false,
              "skipped": false
            }
          ],
          "suites": [],
          "passes": [
            "a2c2be13-3135-464d-99dd-b8faa0e18be0"
          ],
          "failures": [],
          "pending": [],
          "skipped": [],
          "duration": 6223,
          "root": false,
          "rootEmpty": false,
          "_timeout": 2000
        }
      ],
      "passes": [],
      "failures": [],
      "pending": [],
      "skipped": [],
      "duration": 0,
      "root": true,
      "rootEmpty": true,
      "_timeout": 2000
    }
  ],
  "meta": {
    "mocha": {
      "version": "7.0.1"
    },
    "mochawesome": {
      "options": {
        "quiet": false,
        "reportFilename": "report",
        "saveHtml": true,
        "saveJson": true,
        "consoleReporter": "spec",
        "useInlineDiffs": false,
        "code": true
      },
      "version": "7.1.2"
    },
    "marge": {
      "options": {
        "charts": false,
        "html": true,
        "json": true,
        "reportDir": "cypress/reports",
        "reportFilename": "report",
        "overwrite": true
      },
      "version": "6.1.1"
    }
  }
}