{
  "stats": {
    "suites": 1,
    "tests": 2,
    "passes": 2,
    "pending": 0,
    "failures": 0,
    "start": "2022-03-16T09:56:06.022Z",
    "end": "2022-03-16T09:56:10.788Z",
    "duration": 4766,
    "testsRegistered": 2,
    "passPercent": 100,
    "pendingPercent": 0,
    "other": 0,
    "hasOther": false,
    "skipped": 0,
    "hasSkipped": false
  },
  "results": [
    {
      "uuid": "16eda4dc-4207-4b2f-af7c-74956d8d5d82",
      "title": "",
      "fullFile": "cypress/integration/examples/MyCypressTest2.js",
      "file": "cypress/integration/examples/MyCypressTest2.js",
      "beforeHooks": [],
      "afterHooks": [],
      "tests": [],
      "suites": [
        {
          "uuid": "240611c6-23cd-4894-b6f5-5f09c88d4e4b",
          "title": " Go to nop commerce website",
          "fullFile": "",
          "file": "",
          "beforeHooks": [],
          "afterHooks": [],
          "tests": [
            {
              "title": "Launch the nop commerce website and navigate to home page",
              "fullTitle": " Go to nop commerce website Launch the nop commerce website and navigate to home page",
              "timedOut": null,
              "duration": 1200,
              "state": "passed",
              "speed": "slow",
              "pass": true,
              "fail": false,
              "pending": false,
              "context": null,
              "code": "cy.visit('https://demo.nopcommerce.com/'); // launch the url\ncy.title().should('eq', 'nopCommerce demo store', {\n  delay: 100\n}); //verify home title",
              "err": {},
              "uuid": "a8fd3c12-9090-4edd-8d37-8819c52e60d4",
              "parentUUID": "240611c6-23cd-4894-b6f5-5f09c88d4e4b",
              "isHook": false,
              "skipped": false
            },
            {
              "title": "Click on Computers menu",
              "fullTitle": " Go to nop commerce website Click on Computers menu",
              "timedOut": null,
              "duration": 77,
              "state": "passed",
              "speed": "slow",
              "pass": true,
              "fail": false,
              "pending": false,
              "context": null,
              "code": "cy.contains('Computers').click; //click on product menu",
              "err": {},
              "uuid": "fb41559f-7add-4b29-8b0e-24bec3402e91",
              "parentUUID": "240611c6-23cd-4894-b6f5-5f09c88d4e4b",
              "isHook": false,
              "skipped": false
            }
          ],
          "suites": [],
          "passes": [
            "a8fd3c12-9090-4edd-8d37-8819c52e60d4",
            "fb41559f-7add-4b29-8b0e-24bec3402e91"
          ],
          "failures": [],
          "pending": [],
          "skipped": [],
          "duration": 1277,
          "root": false,
          "rootEmpty": false,
          "_timeout": 2000
        }
      ],
      "passes": [],
      "failures": [],
      "pending": [],
      "skipped": [],
      "duration": 0,
      "root": true,
      "rootEmpty": true,
      "_timeout": 2000
    }
  ],
  "meta": {
    "mocha": {
      "version": "7.0.1"
    },
    "mochawesome": {
      "options": {
        "quiet": false,
        "reportFilename": "mochawesome",
        "saveHtml": false,
        "saveJson": true,
        "consoleReporter": "spec",
        "useInlineDiffs": false,
        "code": true
      },
      "version": "7.1.2"
    },
    "marge": {
      "options": {
        "reportDir": "cypress/reports/.jsons",
        "charts": true,
        "reportPageTitle": "My Test Suite",
        "embeddedScreenshots": true,
        "inlineAssets": true,
        "overwrite": false,
        "html": false,
        "json": true
      },
      "version": "6.1.1"
    }
  }
}