{
  "stats": {
    "suites": 1,
    "tests": 2,
    "passes": 2,
    "pending": 0,
    "failures": 0,
    "start": "2022-03-16T10:17:47.281Z",
    "end": "2022-03-16T10:17:52.012Z",
    "duration": 4731,
    "testsRegistered": 2,
    "passPercent": 100,
    "pendingPercent": 0,
    "other": 0,
    "hasOther": false,
    "skipped": 0,
    "hasSkipped": false
  },
  "results": [
    {
      "uuid": "2befa1aa-f588-445e-bc86-7d6158d9ea3b",
      "title": "",
      "fullFile": "cypress/integration/examples/MyCypressTest2.js",
      "file": "cypress/integration/examples/MyCypressTest2.js",
      "beforeHooks": [],
      "afterHooks": [],
      "tests": [],
      "suites": [
        {
          "uuid": "820b6f61-77c7-43af-b3f4-16f6b50b5b83",
          "title": " Go to nop commerce website",
          "fullFile": "",
          "file": "",
          "beforeHooks": [],
          "afterHooks": [],
          "tests": [
            {
              "title": "Launch the nop commerce website and navigate to home page",
              "fullTitle": " Go to nop commerce website Launch the nop commerce website and navigate to home page",
              "timedOut": null,
              "duration": 1183,
              "state": "passed",
              "speed": "slow",
              "pass": true,
              "fail": false,
              "pending": false,
              "context": null,
              "code": "cy.visit('https://demo.nopcommerce.com/'); // launch the url\ncy.title().should('eq', 'nopCommerce demo store', {\n  delay: 100\n}); //verify home title",
              "err": {},
              "uuid": "a63456e6-0dd3-45e8-8a6a-67d5f16fd274",
              "parentUUID": "820b6f61-77c7-43af-b3f4-16f6b50b5b83",
              "isHook": false,
              "skipped": false
            },
            {
              "title": "Click on Computers menu",
              "fullTitle": " Go to nop commerce website Click on Computers menu",
              "timedOut": null,
              "duration": 67,
              "state": "passed",
              "speed": "medium",
              "pass": true,
              "fail": false,
              "pending": false,
              "context": null,
              "code": "cy.contains('Computers').click; //click on product menu",
              "err": {},
              "uuid": "9682223b-fa97-4d50-99c5-88ad1d191bc6",
              "parentUUID": "820b6f61-77c7-43af-b3f4-16f6b50b5b83",
              "isHook": false,
              "skipped": false
            }
          ],
          "suites": [],
          "passes": [
            "a63456e6-0dd3-45e8-8a6a-67d5f16fd274",
            "9682223b-fa97-4d50-99c5-88ad1d191bc6"
          ],
          "failures": [],
          "pending": [],
          "skipped": [],
          "duration": 1250,
          "root": false,
          "rootEmpty": false,
          "_timeout": 2000
        }
      ],
      "passes": [],
      "failures": [],
      "pending": [],
      "skipped": [],
      "duration": 0,
      "root": true,
      "rootEmpty": true,
      "_timeout": 2000
    }
  ],
  "meta": {
    "mocha": {
      "version": "7.0.1"
    },
    "mochawesome": {
      "options": {
        "quiet": false,
        "reportFilename": "mochawesome",
        "saveHtml": false,
        "saveJson": true,
        "consoleReporter": "spec",
        "useInlineDiffs": false,
        "code": true
      },
      "version": "7.1.2"
    },
    "marge": {
      "options": {
        "reportDir": "cypress/reports/.jsons",
        "charts": true,
        "reportPageTitle": "My Test Suite",
        "embeddedScreenshots": true,
        "inlineAssets": true,
        "overwrite": false,
        "html": false,
        "json": true
      },
      "version": "6.1.1"
    }
  }
}