{
  "stats": {
    "suites": 1,
    "tests": 1,
    "passes": 1,
    "pending": 0,
    "failures": 0,
    "start": "2022-03-16T10:22:21.728Z",
    "end": "2022-03-16T10:22:27.627Z",
    "duration": 5899,
    "testsRegistered": 1,
    "passPercent": 100,
    "pendingPercent": 0,
    "other": 0,
    "hasOther": false,
    "skipped": 0,
    "hasSkipped": false
  },
  "results": [
    {
      "uuid": "cbd7208c-c240-48d5-9313-2f4f2dca6f86",
      "title": "",
      "fullFile": "cypress/integration/examples/SauceDemoTest.js",
      "file": "cypress/integration/examples/SauceDemoTest.js",
      "beforeHooks": [],
      "afterHooks": [],
      "tests": [],
      "suites": [
        {
          "uuid": "bd9d7e21-6918-43a4-a0c7-fb4266ddf281",
          "title": "Login to sauce demo website",
          "fullFile": "",
          "file": "",
          "beforeHooks": [],
          "afterHooks": [],
          "tests": [
            {
              "title": "Valid Login to sauce demo website",
              "fullTitle": "Login to sauce demo website Valid Login to sauce demo website",
              "timedOut": null,
              "duration": 3173,
              "state": "passed",
              "speed": "slow",
              "pass": true,
              "fail": false,
              "pending": false,
              "context": null,
              "code": "cy.visit('https://www.saucedemo.com/'); //launch the URL\ncy.get('#user-name').should('be.visible').type('standard_user');\ncy.get('#password').should('be.visible').type('secret_sauce');\ncy.get('#login-button').should('be.visible', {\n  delay: 100\n}).click();\ncy.url().should('eq', 'https://www.saucedemo.com/inventory.html', {\n  delay: 200\n}); //verify you landed on home page",
              "err": {},
              "uuid": "d7d935c0-f695-4cb9-92d1-737292d6f5d8",
              "parentUUID": "bd9d7e21-6918-43a4-a0c7-fb4266ddf281",
              "isHook": false,
              "skipped": false
            }
          ],
          "suites": [],
          "passes": [
            "d7d935c0-f695-4cb9-92d1-737292d6f5d8"
          ],
          "failures": [],
          "pending": [],
          "skipped": [],
          "duration": 3173,
          "root": false,
          "rootEmpty": false,
          "_timeout": 2000
        }
      ],
      "passes": [],
      "failures": [],
      "pending": [],
      "skipped": [],
      "duration": 0,
      "root": true,
      "rootEmpty": true,
      "_timeout": 2000
    }
  ],
  "meta": {
    "mocha": {
      "version": "7.0.1"
    },
    "mochawesome": {
      "options": {
        "quiet": false,
        "reportFilename": "mochawesome",
        "saveHtml": false,
        "saveJson": true,
        "consoleReporter": "spec",
        "useInlineDiffs": false,
        "code": true
      },
      "version": "7.1.2"
    },
    "marge": {
      "options": {
        "reportDir": "cypress/reports/.jsons",
        "charts": true,
        "reportPageTitle": "My Test Suite",
        "embeddedScreenshots": true,
        "inlineAssets": true,
        "overwrite": false,
        "html": false,
        "json": true
      },
      "version": "6.1.1"
    }
  }
}