{
  "stats": {
    "suites": 1,
    "tests": 2,
    "passes": 2,
    "pending": 0,
    "failures": 0,
    "start": "2022-03-16T10:27:21.332Z",
    "end": "2022-03-16T10:27:26.257Z",
    "duration": 4925,
    "testsRegistered": 2,
    "passPercent": 100,
    "pendingPercent": 0,
    "other": 0,
    "hasOther": false,
    "skipped": 0,
    "hasSkipped": false
  },
  "results": [
    {
      "uuid": "5efe5860-d377-4248-9990-5e7857e23744",
      "title": "",
      "fullFile": "cypress/integration/examples/MyCypressTest2.js",
      "file": "cypress/integration/examples/MyCypressTest2.js",
      "beforeHooks": [],
      "afterHooks": [],
      "tests": [],
      "suites": [
        {
          "uuid": "566de6f8-c70c-4a92-81aa-cecb5c8bff98",
          "title": " Go to nop commerce website",
          "fullFile": "",
          "file": "",
          "beforeHooks": [],
          "afterHooks": [],
          "tests": [
            {
              "title": "Launch the nop commerce website and navigate to home page",
              "fullTitle": " Go to nop commerce website Launch the nop commerce website and navigate to home page",
              "timedOut": null,
              "duration": 1238,
              "state": "passed",
              "speed": "slow",
              "pass": true,
              "fail": false,
              "pending": false,
              "context": null,
              "code": "cy.visit('https://demo.nopcommerce.com/'); // launch the url\ncy.title().should('eq', 'nopCommerce demo store', {\n  delay: 100\n}); //verify home title",
              "err": {},
              "uuid": "d59bdf21-2d23-43c9-b39e-979d16165b3e",
              "parentUUID": "566de6f8-c70c-4a92-81aa-cecb5c8bff98",
              "isHook": false,
              "skipped": false
            },
            {
              "title": "Click on Computers menu",
              "fullTitle": " Go to nop commerce website Click on Computers menu",
              "timedOut": null,
              "duration": 63,
              "state": "passed",
              "speed": "medium",
              "pass": true,
              "fail": false,
              "pending": false,
              "context": null,
              "code": "cy.contains('Computers').click; //click on product menu",
              "err": {},
              "uuid": "704fd0ce-4c90-474c-8e16-4081cfb0cd48",
              "parentUUID": "566de6f8-c70c-4a92-81aa-cecb5c8bff98",
              "isHook": false,
              "skipped": false
            }
          ],
          "suites": [],
          "passes": [
            "d59bdf21-2d23-43c9-b39e-979d16165b3e",
            "704fd0ce-4c90-474c-8e16-4081cfb0cd48"
          ],
          "failures": [],
          "pending": [],
          "skipped": [],
          "duration": 1301,
          "root": false,
          "rootEmpty": false,
          "_timeout": 2000
        }
      ],
      "passes": [],
      "failures": [],
      "pending": [],
      "skipped": [],
      "duration": 0,
      "root": true,
      "rootEmpty": true,
      "_timeout": 2000
    }
  ],
  "meta": {
    "mocha": {
      "version": "7.0.1"
    },
    "mochawesome": {
      "options": {
        "quiet": false,
        "reportFilename": "mochawesome",
        "saveHtml": false,
        "saveJson": true,
        "consoleReporter": "spec",
        "useInlineDiffs": false,
        "code": true
      },
      "version": "7.1.2"
    },
    "marge": {
      "options": {
        "reportDir": "cypress/reports/.jsons",
        "charts": true,
        "reportPageTitle": "My Test Suite",
        "embeddedScreenshots": true,
        "inlineAssets": true,
        "overwrite": false,
        "html": false,
        "json": true
      },
      "version": "6.1.1"
    }
  }
}