{
  "stats": {
    "suites": 1,
    "tests": 2,
    "passes": 2,
    "pending": 0,
    "failures": 0,
    "start": "2022-03-16T10:24:57.631Z",
    "end": "2022-03-16T10:25:02.415Z",
    "duration": 4784,
    "testsRegistered": 2,
    "passPercent": 100,
    "pendingPercent": 0,
    "other": 0,
    "hasOther": false,
    "skipped": 0,
    "hasSkipped": false
  },
  "results": [
    {
      "uuid": "8094113c-4daf-4b80-8772-5d28fc772117",
      "title": "",
      "fullFile": "cypress/integration/examples/MyCypressTest2.js",
      "file": "cypress/integration/examples/MyCypressTest2.js",
      "beforeHooks": [],
      "afterHooks": [],
      "tests": [],
      "suites": [
        {
          "uuid": "02c548b2-6df4-48a4-9eca-56b83f513aa6",
          "title": " Go to nop commerce website",
          "fullFile": "",
          "file": "",
          "beforeHooks": [],
          "afterHooks": [],
          "tests": [
            {
              "title": "Launch the nop commerce website and navigate to home page",
              "fullTitle": " Go to nop commerce website Launch the nop commerce website and navigate to home page",
              "timedOut": null,
              "duration": 1182,
              "state": "passed",
              "speed": "slow",
              "pass": true,
              "fail": false,
              "pending": false,
              "context": null,
              "code": "cy.visit('https://demo.nopcommerce.com/'); // launch the url\ncy.title().should('eq', 'nopCommerce demo store', {\n  delay: 100\n}); //verify home title",
              "err": {},
              "uuid": "a5d78513-7022-4c2f-ada4-501ef50a2f7d",
              "parentUUID": "02c548b2-6df4-48a4-9eca-56b83f513aa6",
              "isHook": false,
              "skipped": false
            },
            {
              "title": "Click on Computers menu",
              "fullTitle": " Go to nop commerce website Click on Computers menu",
              "timedOut": null,
              "duration": 63,
              "state": "passed",
              "speed": "medium",
              "pass": true,
              "fail": false,
              "pending": false,
              "context": null,
              "code": "cy.contains('Computers').click; //click on product menu",
              "err": {},
              "uuid": "a912a551-c7cb-42c4-a38d-833594d62675",
              "parentUUID": "02c548b2-6df4-48a4-9eca-56b83f513aa6",
              "isHook": false,
              "skipped": false
            }
          ],
          "suites": [],
          "passes": [
            "a5d78513-7022-4c2f-ada4-501ef50a2f7d",
            "a912a551-c7cb-42c4-a38d-833594d62675"
          ],
          "failures": [],
          "pending": [],
          "skipped": [],
          "duration": 1245,
          "root": false,
          "rootEmpty": false,
          "_timeout": 2000
        }
      ],
      "passes": [],
      "failures": [],
      "pending": [],
      "skipped": [],
      "duration": 0,
      "root": true,
      "rootEmpty": true,
      "_timeout": 2000
    }
  ],
  "meta": {
    "mocha": {
      "version": "7.0.1"
    },
    "mochawesome": {
      "options": {
        "quiet": false,
        "reportFilename": "mochawesome",
        "saveHtml": false,
        "saveJson": true,
        "consoleReporter": "spec",
        "useInlineDiffs": false,
        "code": true
      },
      "version": "7.1.2"
    },
    "marge": {
      "options": {
        "reportDir": "cypress/reports/.jsons",
        "charts": true,
        "reportPageTitle": "My Test Suite",
        "embeddedScreenshots": true,
        "inlineAssets": true,
        "overwrite": false,
        "html": false,
        "json": true
      },
      "version": "6.1.1"
    }
  }
}