{
  "stats": {
    "suites": 1,
    "tests": 1,
    "passes": 1,
    "pending": 0,
    "failures": 0,
    "start": "2022-03-16T13:29:43.418Z",
    "end": "2022-03-16T13:29:54.039Z",
    "duration": 10621,
    "testsRegistered": 1,
    "passPercent": 100,
    "pendingPercent": 0,
    "other": 0,
    "hasOther": false,
    "skipped": 0,
    "hasSkipped": false
  },
  "results": [
    {
      "uuid": "b3063c9e-dacb-45a8-a75a-809e9c987467",
      "title": "",
      "fullFile": "cypress/integration/examples/MyCypressTest1.js",
      "file": "cypress/integration/examples/MyCypressTest1.js",
      "beforeHooks": [],
      "afterHooks": [],
      "tests": [],
      "suites": [
        {
          "uuid": "d5e8d2b8-27b7-4704-93e3-d828ccbd8655",
          "title": "Login to Underground weather",
          "fullFile": "",
          "file": "",
          "beforeHooks": [],
          "afterHooks": [],
          "tests": [
            {
              "title": "Launch underground weather websites to search for weather updates for my city",
              "fullTitle": "Login to Underground weather Launch underground weather websites to search for weather updates for my city",
              "timedOut": null,
              "duration": 7705,
              "state": "passed",
              "speed": "medium",
              "pass": true,
              "fail": false,
              "pending": false,
              "context": null,
              "code": "cy.visit('https://www.wunderground.com/login'); // launch the url\ncy.get('#form-signin-email').should('be.visible').should('be.enabled').type('maphanga1988@gmail.com'); //get element username and type input\ncy.get('#form-signin-password').should('be.visible').should('be.enabled').type('Test@123'); //get element password and type input\ncy.get('#signIn').scrollIntoView().should('be.visible', {\n  delay: 100\n}).click(); //click sign in button\n//cy.title().should('eq','Weather Underground',{ delay: 100 }) //verify home title",
              "err": {},
              "uuid": "284c97b3-c692-4c97-9957-f77dc5a938a7",
              "parentUUID": "d5e8d2b8-27b7-4704-93e3-d828ccbd8655",
              "isHook": false,
              "skipped": false
            }
          ],
          "suites": [],
          "passes": [
            "284c97b3-c692-4c97-9957-f77dc5a938a7"
          ],
          "failures": [],
          "pending": [],
          "skipped": [],
          "duration": 7705,
          "root": false,
          "rootEmpty": false,
          "_timeout": 2000
        }
      ],
      "passes": [],
      "failures": [],
      "pending": [],
      "skipped": [],
      "duration": 0,
      "root": true,
      "rootEmpty": true,
      "_timeout": 2000
    }
  ],
  "meta": {
    "mocha": {
      "version": "7.0.1"
    },
    "mochawesome": {
      "options": {
        "quiet": false,
        "reportFilename": "mochawesome",
        "saveHtml": false,
        "saveJson": true,
        "consoleReporter": "spec",
        "useInlineDiffs": false,
        "code": true
      },
      "version": "7.1.2"
    },
    "marge": {
      "options": {
        "overwrite": false,
        "html": false,
        "json": true
      },
      "version": "6.1.1"
    }
  }
}