{
  "stats": {
    "suites": 1,
    "tests": 2,
    "passes": 2,
    "pending": 0,
    "failures": 0,
    "start": "2022-03-16T13:29:56.151Z",
    "end": "2022-03-16T13:30:01.199Z",
    "duration": 5048,
    "testsRegistered": 2,
    "passPercent": 100,
    "pendingPercent": 0,
    "other": 0,
    "hasOther": false,
    "skipped": 0,
    "hasSkipped": false
  },
  "results": [
    {
      "uuid": "86942da0-bdca-47dd-9865-b3ef936f6cc6",
      "title": "",
      "fullFile": "cypress/integration/examples/MyCypressTest2.js",
      "file": "cypress/integration/examples/MyCypressTest2.js",
      "beforeHooks": [],
      "afterHooks": [],
      "tests": [],
      "suites": [
        {
          "uuid": "3780f889-4095-42a8-b987-cd23ee817c90",
          "title": " Go to nop commerce website",
          "fullFile": "",
          "file": "",
          "beforeHooks": [],
          "afterHooks": [],
          "tests": [
            {
              "title": "Launch the nop commerce website and navigate to home page",
              "fullTitle": " Go to nop commerce website Launch the nop commerce website and navigate to home page",
              "timedOut": null,
              "duration": 1231,
              "state": "passed",
              "speed": "fast",
              "pass": true,
              "fail": false,
              "pending": false,
              "context": null,
              "code": "cy.visit('https://demo.nopcommerce.com/'); // launch the url\ncy.title().should('eq', 'nopCommerce demo store', {\n  delay: 100\n}); //verify home title",
              "err": {},
              "uuid": "4662784c-d000-4ca6-81e0-98c01e18cb49",
              "parentUUID": "3780f889-4095-42a8-b987-cd23ee817c90",
              "isHook": false,
              "skipped": false
            },
            {
              "title": "Click on Computers menu",
              "fullTitle": " Go to nop commerce website Click on Computers menu",
              "timedOut": null,
              "duration": 86,
              "state": "passed",
              "speed": "fast",
              "pass": true,
              "fail": false,
              "pending": false,
              "context": null,
              "code": "cy.contains('Computers').click; //click on product menu",
              "err": {},
              "uuid": "fc9d0d73-aa24-4e96-b42b-aa2d99b5f390",
              "parentUUID": "3780f889-4095-42a8-b987-cd23ee817c90",
              "isHook": false,
              "skipped": false
            }
          ],
          "suites": [],
          "passes": [
            "4662784c-d000-4ca6-81e0-98c01e18cb49",
            "fc9d0d73-aa24-4e96-b42b-aa2d99b5f390"
          ],
          "failures": [],
          "pending": [],
          "skipped": [],
          "duration": 1317,
          "root": false,
          "rootEmpty": false,
          "_timeout": 2000
        }
      ],
      "passes": [],
      "failures": [],
      "pending": [],
      "skipped": [],
      "duration": 0,
      "root": true,
      "rootEmpty": true,
      "_timeout": 2000
    }
  ],
  "meta": {
    "mocha": {
      "version": "7.0.1"
    },
    "mochawesome": {
      "options": {
        "quiet": false,
        "reportFilename": "mochawesome",
        "saveHtml": false,
        "saveJson": true,
        "consoleReporter": "spec",
        "useInlineDiffs": false,
        "code": true
      },
      "version": "7.1.2"
    },
    "marge": {
      "options": {
        "overwrite": false,
        "html": false,
        "json": true
      },
      "version": "6.1.1"
    }
  }
}